<?xml version="1.0" encoding="UTF-8"?>
<!-- Generated by org.testng.reporters.JUnitXMLReporter -->
<testsuite ignored="0" hostname="DESKTOP-VC786S5" failures="1" tests="1" name="Test" time="32.022" errors="0" timestamp="2025-07-30T01:40:05 IST">
  <testcase classname="testCases.TC002_LoginTest" name="verify_login" time="23.907">
    <failure type="java.lang.AssertionError" message="Login Failed: My Account page not found expected [true] but found [false]">
      <![CDATA[java.lang.AssertionError: Login Failed: My Account page not found expected [true] but found [false]
at testCases.TC002_LoginTest.verify_login(TC002_LoginTest.java:32)
at java.base/java.util.ArrayList.forEach(ArrayList.java:1596)
at com.intellij.rt.testng.IDEARemoteTestNG.run(IDEARemoteTestNG.java:65)
at com.intellij.rt.testng.RemoteTestNGStarter.main(RemoteTestNGStarter.java:105)
... Removed 25 stack frames]]>
    </failure>
  </testcase> <!-- verify_login -->
</testsuite> <!-- Test -->
